<?xml version="1.0" encoding="UTF-8"?>
<!-- Generated by org.testng.reporters.JUnitReportReporter -->
<testsuite hostname="DESKTOP-KODO6Q6" failures="0" tests="1" name="MyTestcases.MagentoTestCases" time="17.202" errors="0" timestamp="2024-01-30T20:02:14 EET" skipped="0">
  <testcase classname="MyTestcases.MagentoTestCases" name="SignUp" time="17.202"/>
  <system-out/>
</testsuite> <!-- MyTestcases.MagentoTestCases -->
