<?xml version="1.0" encoding="UTF-8"?>
<!-- Generated by org.testng.reporters.JUnitReportReporter -->
<testsuite hostname="DESKTOP-KODO6Q6" failures="0" tests="5" name="MyTestcases.MagentoTestCases" time="43.656" errors="0" timestamp="2024-02-01T10:35:40 EET" skipped="0">
  <testcase classname="MyTestcases.MagentoTestCases" name="SignUp" time="18.221"/>
  <system-out/>
  <testcase classname="MyTestcases.MagentoTestCases" name="LogOut" time="2.326"/>
  <system-out/>
  <testcase classname="MyTestcases.MagentoTestCases" name="Login" time="8.213"/>
  <system-out/>
  <testcase classname="MyTestcases.MagentoTestCases" name="NumOfSomeTags" time="1.950"/>
  <system-out/>
  <testcase classname="MyTestcases.MagentoTestCases" name="addOneRandomItem" time="12.946"/>
  <system-out/>
</testsuite> <!-- MyTestcases.MagentoTestCases -->
